# JRE version: OpenJDK Runtime Environment (8.0_152-b01) (build 1.8.0_152-release-1248-b01)
# Java VM: OpenJDK 64-Bit Server VM (25.152-b01 mixed mode linux-amd64 compressed oops)
Heap:
 PSYoungGen      total 314880K, used 0K [0x00000000e0000000, 0x00000000f8300000, 0x0000000100000000)
  eden space 288256K, 0% used [0x00000000e0000000,0x00000000e0000000,0x00000000f1980000)
  from space 26624K, 0% used [0x00000000f3e80000,0x00000000f3e80000,0x00000000f5880000)
  to   space 43520K, 0% used [0x00000000f5880000,0x00000000f5880000,0x00000000f8300000)
 ParOldGen       total 162816K, used 63461K [0x00000000a0000000, 0x00000000a9f00000, 0x00000000e0000000)
  object space 162816K, 38% used [0x00000000a0000000,0x00000000a3df9420,0x00000000a9f00000)
 Metaspace       used 93840K, capacity 97490K, committed 98600K, reserved 1134592K
  class space    used 12035K, capacity 12740K, committed 12976K, reserved 1048576K
GC Heap History (10 events):
Event: 20.029 GC heap after
Heap after GC invocations=14 (full 3):
 PSYoungGen      total 306688K, used 38399K [0x00000000e0000000, 0x00000000f9580000, 0x0000000100000000)
  eden space 268288K, 0% used [0x00000000e0000000,0x00000000e0000000,0x00000000f0600000)
  from space 38400K, 99% used [0x00000000f0600000,0x00000000f2b7ff58,0x00000000f2b80000)
  to   space 48640K, 0% used [0x00000000f6600000,0x00000000f6600000,0x00000000f9580000)
 ParOldGen       total 162816K, used 59566K [0x00000000a0000000, 0x00000000a9f00000, 0x00000000e0000000)
  object space 162816K, 36% used [0x00000000a0000000,0x00000000a3a2bbb0,0x00000000a9f00000)
 Metaspace       used 86582K, capacity 90072K, committed 90264K, reserved 1128448K
  class space    used 11498K, capacity 12194K, committed 12208K, reserved 1048576K
}
Event: 232.377 GC heap before
{Heap before GC invocations=15 (full 3):
 PSYoungGen      total 306688K, used 306687K [0x00000000e0000000, 0x00000000f9580000, 0x0000000100000000)
  eden space 268288K, 100% used [0x00000000e0000000,0x00000000f0600000,0x00000000f0600000)
  from space 38400K, 99% used [0x00000000f0600000,0x00000000f2b7ff58,0x00000000f2b80000)
  to   space 48640K, 0% used [0x00000000f6600000,0x00000000f6600000,0x00000000f9580000)
 ParOldGen       total 162816K, used 59566K [0x00000000a0000000, 0x00000000a9f00000, 0x00000000e0000000)
  object space 162816K, 36% used [0x00000000a0000000,0x00000000a3a2bbb0,0x00000000a9f00000)
 Metaspace       used 92453K, capacity 96398K, committed 96536K, reserved 1132544K
  class space    used 12093K, capacity 12845K, committed 12848K, reserved 1048576K
Event: 232.448 GC heap after
Heap after GC invocations=15 (full 3):
 PSYoungGen      total 354304K, used 34741K [0x00000000e0000000, 0x00000000f9200000, 0x0000000100000000)
  eden space 309248K, 0% used [0x00000000e0000000,0x00000000e0000000,0x00000000f2e00000)
  from space 45056K, 77% used [0x00000000f6600000,0x00000000f87ed588,0x00000000f9200000)
  to   space 51200K, 0% used [0x00000000f2e00000,0x00000000f2e00000,0x00000000f6000000)
 ParOldGen       total 162816K, used 83347K [0x00000000a0000000, 0x00000000a9f00000, 0x00000000e0000000)
  object space 162816K, 51% used [0x00000000a0000000,0x00000000a5164fe0,0x00000000a9f00000)
 Metaspace       used 92453K, capacity 96398K, committed 96536K, reserved 1132544K
  class space    used 12093K, capacity 12845K, committed 12848K, reserved 1048576K
}
Event: 619.626 GC heap before
{Heap before GC invocations=16 (full 3):
 PSYoungGen      total 354304K, used 343989K [0x00000000e0000000, 0x00000000f9200000, 0x0000000100000000)
  eden space 309248K, 100% used [0x00000000e0000000,0x00000000f2e00000,0x00000000f2e00000)
  from space 45056K, 77% used [0x00000000f6600000,0x00000000f87ed588,0x00000000f9200000)
  to   space 51200K, 0% used [0x00000000f2e00000,0x00000000f2e00000,0x00000000f6000000)
 ParOldGen       total 162816K, used 83347K [0x00000000a0000000, 0x00000000a9f00000, 0x00000000e0000000)
  object space 162816K, 51% used [0x00000000a0000000,0x00000000a5164fe0,0x00000000a9f00000)
 Metaspace       used 93255K, capacity 97230K, committed 97432K, reserved 1134592K
  class space    used 12111K, capacity 12870K, committed 12976K, reserved 1048576K
Event: 619.654 GC heap after
Heap after GC invocations=16 (full 3):
 PSYoungGen      total 360448K, used 20455K [0x00000000e0000000, 0x00000000fb200000, 0x0000000100000000)
  eden space 309248K, 0% used [0x00000000e0000000,0x00000000e0000000,0x00000000f2e00000)
  from space 51200K, 39% used [0x00000000f2e00000,0x00000000f41f9c10,0x00000000f6000000)
  to   space 48640K, 0% used [0x00000000f8280000,0x00000000f8280000,0x00000000fb200000)
 ParOldGen       total 162816K, used 83355K [0x00000000a0000000, 0x00000000a9f00000, 0x00000000e0000000)
  object space 162816K, 51% used [0x00000000a0000000,0x00000000a5166fe0,0x00000000a9f00000)
 Metaspace       used 93255K, capacity 97230K, committed 97432K, reserved 1134592K
  class space    used 12111K, capacity 12870K, committed 12976K, reserved 1048576K
}
Event: 1604.167 GC heap before
{Heap before GC invocations=17 (full 3):
 PSYoungGen      total 360448K, used 329703K [0x00000000e0000000, 0x00000000fb200000, 0x0000000100000000)
  eden space 309248K, 100% used [0x00000000e0000000,0x00000000f2e00000,0x00000000f2e00000)
  from space 51200K, 39% used [0x00000000f2e00000,0x00000000f41f9c10,0x00000000f6000000)
  to   space 48640K, 0% used [0x00000000f8280000,0x00000000f8280000,0x00000000fb200000)
 ParOldGen       total 162816K, used 83355K [0x00000000a0000000, 0x00000000a9f00000, 0x00000000e0000000)
  object space 162816K, 51% used [0x00000000a0000000,0x00000000a5166fe0,0x00000000a9f00000)
 Metaspace       used 93967K, capacity 98212K, committed 98456K, reserved 1134592K
  class space    used 12158K, capacity 12957K, committed 12976K, reserved 1048576K
Event: 1604.192 GC heap after
Heap after GC invocations=17 (full 3):
 PSYoungGen      total 320000K, used 21079K [0x00000000e0000000, 0x00000000f9780000, 0x0000000100000000)
  eden space 298496K, 0% used [0x00000000e0000000,0x00000000e0000000,0x00000000f2380000)
  from space 21504K, 98% used [0x00000000f8280000,0x00000000f9715c40,0x00000000f9780000)
  to   space 45568K, 0% used [0x00000000f3e80000,0x00000000f3e80000,0x00000000f6b00000)
 ParOldGen       total 162816K, used 83363K [0x00000000a0000000, 0x00000000a9f00000, 0x00000000e0000000)
  object space 162816K, 51% used [0x00000000a0000000,0x00000000a5168fe0,0x00000000a9f00000)
 Metaspace       used 93967K, capacity 98212K, committed 98456K, reserved 1134592K
  class space    used 12158K, capacity 12957K, committed 12976K, reserved 1048576K
}
Event: 1606.908 GC heap before
{Heap before GC invocations=18 (full 3):
 PSYoungGen      total 320000K, used 145454K [0x00000000e0000000, 0x00000000f9780000, 0x0000000100000000)
  eden space 298496K, 41% used [0x00000000e0000000,0x00000000e7975c68,0x00000000f2380000)
  from space 21504K, 98% used [0x00000000f8280000,0x00000000f9715c40,0x00000000f9780000)
  to   space 45568K, 0% used [0x00000000f3e80000,0x00000000f3e80000,0x00000000f6b00000)
 ParOldGen       total 162816K, used 83363K [0x00000000a0000000, 0x00000000a9f00000, 0x00000000e0000000)
  object space 162816K, 51% used [0x00000000a0000000,0x00000000a5168fe0,0x00000000a9f00000)
 Metaspace       used 94305K, capacity 98546K, committed 98600K, reserved 1134592K
  class space    used 12165K, capacity 12970K, committed 12976K, reserved 1048576K
Event: 1606.954 GC heap after
Heap after GC invocations=18 (full 3):
 PSYoungGen      total 314880K, used 26372K [0x00000000e0000000, 0x00000000f8300000, 0x0000000100000000)
  eden space 288256K, 0% used [0x00000000e0000000,0x00000000e0000000,0x00000000f1980000)
  from space 26624K, 99% used [0x00000000f3e80000,0x00000000f5841048,0x00000000f5880000)
  to   space 43520K, 0% used [0x00000000f5880000,0x00000000f5880000,0x00000000f8300000)
 ParOldGen       total 162816K, used 83371K [0x00000000a0000000, 0x00000000a9f00000, 0x00000000e0000000)
  object space 162816K, 51% used [0x00000000a0000000,0x00000000a516afe0,0x00000000a9f00000)
 Metaspace       used 94305K, capacity 98546K, committed 98600K, reserved 1134592K
  class space    used 12165K, capacity 12970K, committed 12976K, reserved 1048576K
}
Event: 1606.955 GC heap before
{Heap before GC invocations=19 (full 4):
 PSYoungGen      total 314880K, used 26372K [0x00000000e0000000, 0x00000000f8300000, 0x0000000100000000)
  eden space 288256K, 0% used [0x00000000e0000000,0x00000000e0000000,0x00000000f1980000)
  from space 26624K, 99% used [0x00000000f3e80000,0x00000000f5841048,0x00000000f5880000)
  to   space 43520K, 0% used [0x00000000f5880000,0x00000000f5880000,0x00000000f8300000)
 ParOldGen       total 162816K, used 83371K [0x00000000a0000000, 0x00000000a9f00000, 0x00000000e0000000)
  object space 162816K, 51% used [0x00000000a0000000,0x00000000a516afe0,0x00000000a9f00000)
 Metaspace       used 94305K, capacity 98546K, committed 98600K, reserved 1134592K
  class space    used 12165K, capacity 12970K, committed 12976K, reserved 1048576K

