# JRE version: OpenJDK Runtime Environment (8.0_152-b01) (build 1.8.0_152-release-1248-b01)
# Java VM: OpenJDK 64-Bit Server VM (25.152-b01 mixed mode linux-amd64 compressed oops)
Heap:
 PSYoungGen      total 210432K, used 37578K [0x00000000e0000000, 0x00000000ef500000, 0x0000000100000000)
  eden space 169984K, 0% used [0x00000000e0000000,0x00000000e0000000,0x00000000ea600000)
  from space 40448K, 92% used [0x00000000ea600000,0x00000000ecab28a0,0x00000000ecd80000)
  to   space 31232K, 0% used [0x00000000ecf00000,0x00000000ecf00000,0x00000000eed80000)
 ParOldGen       total 95744K, used 76093K [0x00000000a0000000, 0x00000000a5d80000, 0x00000000e0000000)
  object space 95744K, 79% used [0x00000000a0000000,0x00000000a4a4f5e0,0x00000000a5d80000)
 Metaspace       used 56943K, capacity 58110K, committed 58496K, reserved 1101824K
  class space    used 6710K, capacity 7024K, committed 7040K, reserved 1048576K
GC Heap History (10 events):
Event: 3.965 GC heap after
Heap after GC invocations=9 (full 2):
 PSYoungGen      total 104960K, used 8645K [0x00000000e0000000, 0x00000000ea800000, 0x0000000100000000)
  eden space 88064K, 0% used [0x00000000e0000000,0x00000000e0000000,0x00000000e5600000)
  from space 16896K, 51% used [0x00000000e5600000,0x00000000e5e71760,0x00000000e6680000)
  to   space 15872K, 0% used [0x00000000e9880000,0x00000000e9880000,0x00000000ea800000)
 ParOldGen       total 55808K, used 23081K [0x00000000a0000000, 0x00000000a3680000, 0x00000000e0000000)
  object space 55808K, 41% used [0x00000000a0000000,0x00000000a168a670,0x00000000a3680000)
 Metaspace       used 34566K, capacity 35126K, committed 35456K, reserved 1079296K
  class space    used 4432K, capacity 4624K, committed 4736K, reserved 1048576K
}
Event: 3.965 GC heap before
{Heap before GC invocations=10 (full 3):
 PSYoungGen      total 104960K, used 8645K [0x00000000e0000000, 0x00000000ea800000, 0x0000000100000000)
  eden space 88064K, 0% used [0x00000000e0000000,0x00000000e0000000,0x00000000e5600000)
  from space 16896K, 51% used [0x00000000e5600000,0x00000000e5e71760,0x00000000e6680000)
  to   space 15872K, 0% used [0x00000000e9880000,0x00000000e9880000,0x00000000ea800000)
 ParOldGen       total 55808K, used 23081K [0x00000000a0000000, 0x00000000a3680000, 0x00000000e0000000)
  object space 55808K, 41% used [0x00000000a0000000,0x00000000a168a670,0x00000000a3680000)
 Metaspace       used 34566K, capacity 35126K, committed 35456K, reserved 1079296K
  class space    used 4432K, capacity 4624K, committed 4736K, reserved 1048576K
Event: 4.049 GC heap after
Heap after GC invocations=10 (full 3):
 PSYoungGen      total 104960K, used 0K [0x00000000e0000000, 0x00000000ea800000, 0x0000000100000000)
  eden space 88064K, 0% used [0x00000000e0000000,0x00000000e0000000,0x00000000e5600000)
  from space 16896K, 0% used [0x00000000e5600000,0x00000000e5600000,0x00000000e6680000)
  to   space 15872K, 0% used [0x00000000e9880000,0x00000000e9880000,0x00000000ea800000)
 ParOldGen       total 95744K, used 20411K [0x00000000a0000000, 0x00000000a5d80000, 0x00000000e0000000)
  object space 95744K, 21% used [0x00000000a0000000,0x00000000a13eec48,0x00000000a5d80000)
 Metaspace       used 34566K, capacity 35126K, committed 35456K, reserved 1079296K
  class space    used 4432K, capacity 4624K, committed 4736K, reserved 1048576K
}
Event: 167.897 GC heap before
{Heap before GC invocations=11 (full 3):
 PSYoungGen      total 104960K, used 88064K [0x00000000e0000000, 0x00000000ea800000, 0x0000000100000000)
  eden space 88064K, 100% used [0x00000000e0000000,0x00000000e5600000,0x00000000e5600000)
  from space 16896K, 0% used [0x00000000e5600000,0x00000000e5600000,0x00000000e6680000)
  to   space 15872K, 0% used [0x00000000e9880000,0x00000000e9880000,0x00000000ea800000)
 ParOldGen       total 95744K, used 20411K [0x00000000a0000000, 0x00000000a5d80000, 0x00000000e0000000)
  object space 95744K, 21% used [0x00000000a0000000,0x00000000a13eec48,0x00000000a5d80000)
 Metaspace       used 42755K, capacity 43464K, committed 43904K, reserved 1087488K
  class space    used 5317K, capacity 5503K, committed 5504K, reserved 1048576K
Event: 167.927 GC heap after
Heap after GC invocations=11 (full 3):
 PSYoungGen      total 142848K, used 15843K [0x00000000e0000000, 0x00000000ea800000, 0x0000000100000000)
  eden space 126976K, 0% used [0x00000000e0000000,0x00000000e0000000,0x00000000e7c00000)
  from space 15872K, 99% used [0x00000000e9880000,0x00000000ea7f8da0,0x00000000ea800000)
  to   space 19968K, 0% used [0x00000000e8100000,0x00000000e8100000,0x00000000e9480000)
 ParOldGen       total 95744K, used 23974K [0x00000000a0000000, 0x00000000a5d80000, 0x00000000e0000000)
  object space 95744K, 25% used [0x00000000a0000000,0x00000000a1769be8,0x00000000a5d80000)
 Metaspace       used 42755K, capacity 43464K, committed 43904K, reserved 1087488K
  class space    used 5317K, capacity 5503K, committed 5504K, reserved 1048576K
}
Event: 170.763 GC heap before
{Heap before GC invocations=12 (full 3):
 PSYoungGen      total 142848K, used 142819K [0x00000000e0000000, 0x00000000ea800000, 0x0000000100000000)
  eden space 126976K, 100% used [0x00000000e0000000,0x00000000e7c00000,0x00000000e7c00000)
  from space 15872K, 99% used [0x00000000e9880000,0x00000000ea7f8da0,0x00000000ea800000)
  to   space 19968K, 0% used [0x00000000e8100000,0x00000000e8100000,0x00000000e9480000)
 ParOldGen       total 95744K, used 23974K [0x00000000a0000000, 0x00000000a5d80000, 0x00000000e0000000)
  object space 95744K, 25% used [0x00000000a0000000,0x00000000a1769be8,0x00000000a5d80000)
 Metaspace       used 50356K, capacity 51336K, committed 51712K, reserved 1095680K
  class space    used 6138K, capacity 6395K, committed 6400K, reserved 1048576K
Event: 170.812 GC heap after
Heap after GC invocations=12 (full 3):
 PSYoungGen      total 152064K, used 19953K [0x00000000e0000000, 0x00000000eed80000, 0x0000000100000000)
  eden space 132096K, 0% used [0x00000000e0000000,0x00000000e0000000,0x00000000e8100000)
  from space 19968K, 99% used [0x00000000e8100000,0x00000000e947c4c0,0x00000000e9480000)
  to   space 31232K, 0% used [0x00000000ecf00000,0x00000000ecf00000,0x00000000eed80000)
 ParOldGen       total 95744K, used 45104K [0x00000000a0000000, 0x00000000a5d80000, 0x00000000e0000000)
  object space 95744K, 47% used [0x00000000a0000000,0x00000000a2c0c050,0x00000000a5d80000)
 Metaspace       used 50356K, capacity 51336K, committed 51712K, reserved 1095680K
  class space    used 6138K, capacity 6395K, committed 6400K, reserved 1048576K
}
Event: 172.305 GC heap before
{Heap before GC invocations=13 (full 3):
 PSYoungGen      total 152064K, used 152049K [0x00000000e0000000, 0x00000000eed80000, 0x0000000100000000)
  eden space 132096K, 100% used [0x00000000e0000000,0x00000000e8100000,0x00000000e8100000)
  from space 19968K, 99% used [0x00000000e8100000,0x00000000e947c4c0,0x00000000e9480000)
  to   space 31232K, 0% used [0x00000000ecf00000,0x00000000ecf00000,0x00000000eed80000)
 ParOldGen       total 95744K, used 45104K [0x00000000a0000000, 0x00000000a5d80000, 0x00000000e0000000)
  object space 95744K, 47% used [0x00000000a0000000,0x00000000a2c0c050,0x00000000a5d80000)
 Metaspace       used 53732K, capacity 54708K, committed 55168K, reserved 1097728K
  class space    used 6456K, capacity 6745K, committed 6784K, reserved 1048576K
Event: 172.369 GC heap after
Heap after GC invocations=13 (full 3):
 PSYoungGen      total 201216K, used 31214K [0x00000000e0000000, 0x00000000ef500000, 0x0000000100000000)
  eden space 169984K, 0% used [0x00000000e0000000,0x00000000e0000000,0x00000000ea600000)
  from space 31232K, 99% used [0x00000000ecf00000,0x00000000eed7b9f8,0x00000000eed80000)
  to   space 40448K, 0% used [0x00000000ea600000,0x00000000ea600000,0x00000000ecd80000)
 ParOldGen       total 95744K, used 56456K [0x00000000a0000000, 0x00000000a5d80000, 0x00000000e0000000)
  object space 95744K, 58% used [0x00000000a0000000,0x00000000a3722148,0x00000000a5d80000)
 Metaspace       used 53732K, capacity 54708K, committed 55168K, reserved 1097728K
  class space    used 6456K, capacity 6745K, committed 6784K, reserved 1048576K
}
Event: 174.128 GC heap before
{Heap before GC invocations=14 (full 3):
 PSYoungGen      total 201216K, used 201198K [0x00000000e0000000, 0x00000000ef500000, 0x0000000100000000)
  eden space 169984K, 100% used [0x00000000e0000000,0x00000000ea600000,0x00000000ea600000)
  from space 31232K, 99% used [0x00000000ecf00000,0x00000000eed7b9f8,0x00000000eed80000)
  to   space 40448K, 0% used [0x00000000ea600000,0x00000000ea600000,0x00000000ecd80000)
 ParOldGen       total 95744K, used 56456K [0x00000000a0000000, 0x00000000a5d80000, 0x00000000e0000000)
  object space 95744K, 58% used [0x00000000a0000000,0x00000000a3722148,0x00000000a5d80000)
 Metaspace       used 56943K, capacity 58110K, committed 58496K, reserved 1101824K
  class space    used 6710K, capacity 7024K, committed 7040K, reserved 1048576K

