# JRE version: OpenJDK Runtime Environment (8.0_152-b01) (build 1.8.0_152-release-1248-b01)
# Java VM: OpenJDK 64-Bit Server VM (25.152-b01 mixed mode linux-amd64 compressed oops)
Heap:
 PSYoungGen      total 130048K, used 5120K [0x00000000e0000000, 0x00000000e8400000, 0x0000000100000000)
  eden space 124928K, 0% used [0x00000000e0000000,0x00000000e0000000,0x00000000e7a00000)
  from space 5120K, 100% used [0x00000000e7a00000,0x00000000e7f00000,0x00000000e7f00000)
  to   space 5120K, 0% used [0x00000000e7f00000,0x00000000e7f00000,0x00000000e8400000)
 ParOldGen       total 67072K, used 18901K [0x00000000a0000000, 0x00000000a4180000, 0x00000000e0000000)
  object space 67072K, 28% used [0x00000000a0000000,0x00000000a1275790,0x00000000a4180000)
 Metaspace       used 31401K, capacity 32026K, committed 32128K, reserved 1077248K
  class space    used 4292K, capacity 4472K, committed 4480K, reserved 1048576K
GC Heap History (10 events):
Event: 1.318 GC heap after
Heap after GC invocations=1 (full 0):
 PSYoungGen      total 36352K, used 4066K [0x00000000e0000000, 0x00000000e4700000, 0x0000000100000000)
  eden space 31232K, 0% used [0x00000000e0000000,0x00000000e0000000,0x00000000e1e80000)
  from space 5120K, 79% used [0x00000000e1e80000,0x00000000e2278ba8,0x00000000e2380000)
  to   space 5120K, 0% used [0x00000000e4200000,0x00000000e4200000,0x00000000e4700000)
 ParOldGen       total 83456K, used 8K [0x00000000a0000000, 0x00000000a5180000, 0x00000000e0000000)
  object space 83456K, 0% used [0x00000000a0000000,0x00000000a0002000,0x00000000a5180000)
 Metaspace       used 6454K, capacity 6606K, committed 6784K, reserved 1056768K
  class space    used 794K, capacity 843K, committed 896K, reserved 1048576K
}
Event: 1.704 GC heap before
{Heap before GC invocations=2 (full 0):
 PSYoungGen      total 36352K, used 35298K [0x00000000e0000000, 0x00000000e4700000, 0x0000000100000000)
  eden space 31232K, 100% used [0x00000000e0000000,0x00000000e1e80000,0x00000000e1e80000)
  from space 5120K, 79% used [0x00000000e1e80000,0x00000000e2278ba8,0x00000000e2380000)
  to   space 5120K, 0% used [0x00000000e4200000,0x00000000e4200000,0x00000000e4700000)
 ParOldGen       total 83456K, used 8K [0x00000000a0000000, 0x00000000a5180000, 0x00000000e0000000)
  object space 83456K, 0% used [0x00000000a0000000,0x00000000a0002000,0x00000000a5180000)
 Metaspace       used 8597K, capacity 8850K, committed 8960K, reserved 1056768K
  class space    used 1119K, capacity 1193K, committed 1280K, reserved 1048576K
Event: 1.707 GC heap after
Heap after GC invocations=2 (full 0):
 PSYoungGen      total 67584K, used 4324K [0x00000000e0000000, 0x00000000e4700000, 0x0000000100000000)
  eden space 62464K, 0% used [0x00000000e0000000,0x00000000e0000000,0x00000000e3d00000)
  from space 5120K, 84% used [0x00000000e4200000,0x00000000e4639098,0x00000000e4700000)
  to   space 5120K, 0% used [0x00000000e3d00000,0x00000000e3d00000,0x00000000e4200000)
 ParOldGen       total 83456K, used 16K [0x00000000a0000000, 0x00000000a5180000, 0x00000000e0000000)
  object space 83456K, 0% used [0x00000000a0000000,0x00000000a0004000,0x00000000a5180000)
 Metaspace       used 8597K, capacity 8850K, committed 8960K, reserved 1056768K
  class space    used 1119K, capacity 1193K, committed 1280K, reserved 1048576K
}
Event: 2.743 GC heap before
{Heap before GC invocations=3 (full 0):
 PSYoungGen      total 67584K, used 66788K [0x00000000e0000000, 0x00000000e4700000, 0x0000000100000000)
  eden space 62464K, 100% used [0x00000000e0000000,0x00000000e3d00000,0x00000000e3d00000)
  from space 5120K, 84% used [0x00000000e4200000,0x00000000e4639098,0x00000000e4700000)
  to   space 5120K, 0% used [0x00000000e3d00000,0x00000000e3d00000,0x00000000e4200000)
 ParOldGen       total 83456K, used 16K [0x00000000a0000000, 0x00000000a5180000, 0x00000000e0000000)
  object space 83456K, 0% used [0x00000000a0000000,0x00000000a0004000,0x00000000a5180000)
 Metaspace       used 15016K, capacity 15356K, committed 15616K, reserved 1062912K
  class space    used 2143K, capacity 2292K, committed 2304K, reserved 1048576K
Event: 2.755 GC heap after
Heap after GC invocations=3 (full 0):
 PSYoungGen      total 67584K, used 5088K [0x00000000e0000000, 0x00000000e8400000, 0x0000000100000000)
  eden space 62464K, 0% used [0x00000000e0000000,0x00000000e0000000,0x00000000e3d00000)
  from space 5120K, 99% used [0x00000000e3d00000,0x00000000e41f8030,0x00000000e4200000)
  to   space 5120K, 0% used [0x00000000e7f00000,0x00000000e7f00000,0x00000000e8400000)
 ParOldGen       total 83456K, used 4780K [0x00000000a0000000, 0x00000000a5180000, 0x00000000e0000000)
  object space 83456K, 5% used [0x00000000a0000000,0x00000000a04ab1d8,0x00000000a5180000)
 Metaspace       used 15016K, capacity 15356K, committed 15616K, reserved 1062912K
  class space    used 2143K, capacity 2292K, committed 2304K, reserved 1048576K
}
Event: 3.463 GC heap before
{Heap before GC invocations=4 (full 0):
 PSYoungGen      total 67584K, used 57941K [0x00000000e0000000, 0x00000000e8400000, 0x0000000100000000)
  eden space 62464K, 84% used [0x00000000e0000000,0x00000000e339d548,0x00000000e3d00000)
  from space 5120K, 99% used [0x00000000e3d00000,0x00000000e41f8030,0x00000000e4200000)
  to   space 5120K, 0% used [0x00000000e7f00000,0x00000000e7f00000,0x00000000e8400000)
 ParOldGen       total 83456K, used 4780K [0x00000000a0000000, 0x00000000a5180000, 0x00000000e0000000)
  object space 83456K, 5% used [0x00000000a0000000,0x00000000a04ab1d8,0x00000000a5180000)
 Metaspace       used 20663K, capacity 21106K, committed 21296K, reserved 1067008K
  class space    used 2899K, capacity 3086K, committed 3200K, reserved 1048576K
Event: 3.473 GC heap after
Heap after GC invocations=4 (full 0):
 PSYoungGen      total 130048K, used 5108K [0x00000000e0000000, 0x00000000e8400000, 0x0000000100000000)
  eden space 124928K, 0% used [0x00000000e0000000,0x00000000e0000000,0x00000000e7a00000)
  from space 5120K, 99% used [0x00000000e7f00000,0x00000000e83fd070,0x00000000e8400000)
  to   space 5120K, 0% used [0x00000000e7a00000,0x00000000e7a00000,0x00000000e7f00000)
 ParOldGen       total 83456K, used 11453K [0x00000000a0000000, 0x00000000a5180000, 0x00000000e0000000)
  object space 83456K, 13% used [0x00000000a0000000,0x00000000a0b2f6b0,0x00000000a5180000)
 Metaspace       used 20663K, capacity 21106K, committed 21296K, reserved 1067008K
  class space    used 2899K, capacity 3086K, committed 3200K, reserved 1048576K
}
Event: 3.473 GC heap before
{Heap before GC invocations=5 (full 1):
 PSYoungGen      total 130048K, used 5108K [0x00000000e0000000, 0x00000000e8400000, 0x0000000100000000)
  eden space 124928K, 0% used [0x00000000e0000000,0x00000000e0000000,0x00000000e7a00000)
  from space 5120K, 99% used [0x00000000e7f00000,0x00000000e83fd070,0x00000000e8400000)
  to   space 5120K, 0% used [0x00000000e7a00000,0x00000000e7a00000,0x00000000e7f00000)
 ParOldGen       total 83456K, used 11453K [0x00000000a0000000, 0x00000000a5180000, 0x00000000e0000000)
  object space 83456K, 13% used [0x00000000a0000000,0x00000000a0b2f6b0,0x00000000a5180000)
 Metaspace       used 20663K, capacity 21106K, committed 21296K, reserved 1067008K
  class space    used 2899K, capacity 3086K, committed 3200K, reserved 1048576K
Event: 3.513 GC heap after
Heap after GC invocations=5 (full 1):
 PSYoungGen      total 130048K, used 0K [0x00000000e0000000, 0x00000000e8400000, 0x0000000100000000)
  eden space 124928K, 0% used [0x00000000e0000000,0x00000000e0000000,0x00000000e7a00000)
  from space 5120K, 0% used [0x00000000e7f00000,0x00000000e7f00000,0x00000000e8400000)
  to   space 5120K, 0% used [0x00000000e7a00000,0x00000000e7a00000,0x00000000e7f00000)
 ParOldGen       total 67072K, used 11449K [0x00000000a0000000, 0x00000000a4180000, 0x00000000e0000000)
  object space 67072K, 17% used [0x00000000a0000000,0x00000000a0b2e658,0x00000000a4180000)
 Metaspace       used 20663K, capacity 21106K, committed 21296K, reserved 1067008K
  class space    used 2899K, capacity 3086K, committed 3200K, reserved 1048576K
}
Event: 4.746 GC heap before
{Heap before GC invocations=6 (full 1):
 PSYoungGen      total 130048K, used 124928K [0x00000000e0000000, 0x00000000e8400000, 0x0000000100000000)
  eden space 124928K, 100% used [0x00000000e0000000,0x00000000e7a00000,0x00000000e7a00000)
  from space 5120K, 0% used [0x00000000e7f00000,0x00000000e7f00000,0x00000000e8400000)
  to   space 5120K, 0% used [0x00000000e7a00000,0x00000000e7a00000,0x00000000e7f00000)
 ParOldGen       total 67072K, used 11449K [0x00000000a0000000, 0x00000000a4180000, 0x00000000e0000000)
  object space 67072K, 17% used [0x00000000a0000000,0x00000000a0b2e658,0x00000000a4180000)
 Metaspace       used 31401K, capacity 32026K, committed 32128K, reserved 1077248K
  class space    used 4292K, capacity 4472K, committed 4480K, reserved 1048576K

